Arguments: 
  /usr/local/Cellar/node/6.9.1/bin/node /usr/local/bin/yarn install

PATH: 
  /Users/gijs/Downloads/google-cloud-sdk/bin:/Users/gijs/Downloads/google-cloud-sdk/bin:/usr/local/bin:/usr/bin:/bin:/usr/sbin:/sbin:~/.yarn/bin

Yarn version: 
  0.16.1

Node version: 
  6.9.1

Platform: 
  darwin x64

npm manifest: 
  {
    "name": "lizard-client",
    "version": "2.0.1",
    "description": "Lizard client rewritten using React, Redux and Apollo Client",
    "repository": {
      "type": "git",
      "url": "git+https://github.com/nens/lizard-client-2.git",
      "name": "nens/lizard-client-2"
    },
    "scripts": {
      "start": "node server.js",
      "buck-trap": "buck-trap -a",
      "build": "NODE_ENV=production webpack --config webpack.production.config.js",
      "test": "cross-env NODE_ENV=test mocha --recursive --compilers js:babel-register --require ./test/setup.js",
      "test:watch": "npm test -- --watch"
    },
    "license": "MIT",
    "dependencies": {
      "brfs": "",
      "d3": "",
      "isomorphic-fetch": "",
      "jquery": "",
      "json-loader": "",
      "leaflet": "",
      "lodash": "",
      "moment": "",
      "normalizr": "",
      "query-string": "",
      "react": "",
      "react-addons-create-fragment": "",
      "react-bootstrap": "",
      "react-dom": "",
      "react-intl": "https://registry.npmjs.org/react-intl/-/react-intl-2.1.3.tgz",
      "react-leaflet": "",
      "react-leaflet-choropleth": "",
      "react-redux": "",
      "redux": "",
      "redux-logger": "",
      "redux-thunk": "",
      "transform-loader": "^0.2.3",
      "webworkify-webpack": "^1.0.4"
    },
    "devDependencies": {
      "archiver": "",
      "babel-core": "",
      "babel-eslint": "",
      "babel-loader": "",
      "babel-plugin-react-intl": "",
      "babel-plugin-transform-class-properties": "",
      "babel-plugin-transform-runtime": "",
      "babel-polyfill": "",
      "babel-preset-es2015": "",
      "babel-preset-react": "",
      "babel-preset-react-hmre": "",
      "babel-register": "",
      "buck-trap": "",
      "cross-env": "",
      "css-loader": "",
      "eslint": "",
      "eslint-plugin-babel": "",
      "eslint-plugin-react": "",
      "expect": "",
      "express": "",
      "file-loader": "",
      "git-rev": "",
      "html-webpack-plugin": "",
      "jsdom": "",
      "mocha": "",
      "node-libs-browser": "",
      "octonode": "",
      "q": "",
      "react-addons-test-utils": "",
      "redux-devtools": "",
      "release-it": "",
      "rimraf": "",
      "semver": "",
      "shelljs": "",
      "style-loader": "",
      "url-loader": "",
      "webpack": "",
      "webpack-dev-middleware": "",
      "webpack-hot-middleware": ""
    }
  }

yarn manifest: 
  No manifest

bower manifest: 
  No manifest

Lockfile: 
  No lockfile

Trace: 
  Error: read ECONNRESET
      at exports._errnoException (util.js:1026:11)
      at TLSWrap.onread (net.js:569:26)
